/usr/local/lib/python2.7/dist-packages/tastypie/resources.py:2210: RemovedInDjango18Warning: commit_on_success is deprecated in favor of atomic.
  @transaction.commit_on_success()

[16/Feb/2015 02:47:39] "GET / HTTP/1.1" 200 3959
[16/Feb/2015 02:47:39] "GET /static/page/css/navbar.css HTTP/1.1" 304 0
[16/Feb/2015 02:47:39] "GET /static/page/css/sidebar.css HTTP/1.1" 304 0
[16/Feb/2015 02:47:39] "GET /static/page/css/orders.css HTTP/1.1" 304 0
[16/Feb/2015 02:47:39] "GET /static/page/css/clients.css HTTP/1.1" 304 0
[16/Feb/2015 02:47:39] "GET /static/page/css/procurements.css HTTP/1.1" 304 0
[16/Feb/2015 02:47:39] "GET /static/page/css/paper-collapse.min.css HTTP/1.1" 304 0
[16/Feb/2015 02:47:39] "GET /static/page/js/paper-collapse.min.js HTTP/1.1" 304 0
[16/Feb/2015 02:47:39] "GET /static/page/js/countUp.min.js HTTP/1.1" 304 0
[16/Feb/2015 02:47:39] "GET /static/page/js/mixitup.min.js HTTP/1.1" 304 0
[16/Feb/2015 02:47:39] "GET /static/page/img/linen.jpg HTTP/1.1" 304 0
[16/Feb/2015 02:49:20] "GET /static/page/css/navbar.css HTTP/1.1" 304 0
[16/Feb/2015 02:49:20] "GET /static/page/css/sidebar.css HTTP/1.1" 304 0
[16/Feb/2015 02:49:20] "GET /static/page/css/clients.css HTTP/1.1" 304 0
[16/Feb/2015 02:49:20] "GET /static/page/css/orders.css HTTP/1.1" 304 0
[16/Feb/2015 02:49:20] "GET /static/page/css/paper-collapse.min.css HTTP/1.1" 304 0
[16/Feb/2015 02:49:20] "GET /static/page/css/procurements.css HTTP/1.1" 304 0
[16/Feb/2015 02:49:20] "GET /static/page/js/mixitup.min.js HTTP/1.1" 304 0
[16/Feb/2015 02:49:20] "GET /static/page/js/paper-collapse.min.js HTTP/1.1" 304 0
[16/Feb/2015 02:49:20] "GET /static/page/js/countUp.min.js HTTP/1.1" 304 0
[16/Feb/2015 02:49:20] "GET / HTTP/1.1" 200 4048
[16/Feb/2015 02:49:20] "GET /static/page/img/linen.jpg HTTP/1.1" 304 0
[16/Feb/2015 02:49:22] "GET /create_order HTTP/1.1" 404 2819
Performing system checks...

System check identified no issues (0 silenced).
February 16, 2015 - 02:47:25
Django version 1.7.4, using settings 'lapelBackend.settings'
Starting development server at http://0.0.0.0:8000/
Quit the server with CONTROL-C.
/usr/local/lib/python2.7/dist-packages/tastypie/resources.py:2210: RemovedInDjango18Warning: commit_on_success is deprecated in favor of atomic.
  @transaction.commit_on_success()

[16/Feb/2015 02:54:59] "GET /create_order HTTP/1.1" 404 2819
[16/Feb/2015 02:55:18] "GET / HTTP/1.1" 200 4048
[16/Feb/2015 02:55:18] "GET /static/page/css/procurements.css HTTP/1.1" 304 0
[16/Feb/2015 02:55:18] "GET /static/page/css/sidebar.css HTTP/1.1" 304 0
[16/Feb/2015 02:55:18] "GET /static/page/css/orders.css HTTP/1.1" 304 0
[16/Feb/2015 02:55:18] "GET /static/page/css/navbar.css HTTP/1.1" 304 0
[16/Feb/2015 02:55:18] "GET /static/page/css/clients.css HTTP/1.1" 304 0
[16/Feb/2015 02:55:18] "GET /static/page/css/paper-collapse.min.css HTTP/1.1" 304 0
[16/Feb/2015 02:55:18] "GET /static/page/js/paper-collapse.min.js HTTP/1.1" 304 0
[16/Feb/2015 02:55:18] "GET /static/page/js/countUp.min.js HTTP/1.1" 304 0
[16/Feb/2015 02:55:18] "GET /static/page/js/mixitup.min.js HTTP/1.1" 304 0
[16/Feb/2015 02:55:18] "GET /static/page/img/linen.jpg HTTP/1.1" 304 0
[16/Feb/2015 02:55:19] "GET /create_order HTTP/1.1" 404 2819
Performing system checks...

System check identified no issues (0 silenced).
February 16, 2015 - 02:51:13
Django version 1.7.4, using settings 'lapelBackend.settings'
Starting development server at http://0.0.0.0:8000/
Quit the server with CONTROL-C.
/usr/local/lib/python2.7/dist-packages/tastypie/resources.py:2210: RemovedInDjango18Warning: commit_on_success is deprecated in favor of atomic.
  @transaction.commit_on_success()

[16/Feb/2015 02:55:53] "GET / HTTP/1.1" 200 4048
[16/Feb/2015 02:55:53] "GET /static/page/css/orders.css HTTP/1.1" 304 0
[16/Feb/2015 02:55:53] "GET /static/page/css/paper-collapse.min.css HTTP/1.1" 304 0
[16/Feb/2015 02:55:53] "GET /static/page/css/sidebar.css HTTP/1.1" 304 0
[16/Feb/2015 02:55:53] "GET /static/page/css/clients.css HTTP/1.1" 304 0
[16/Feb/2015 02:55:53] "GET /static/page/css/navbar.css HTTP/1.1" 304 0
[16/Feb/2015 02:55:53] "GET /static/page/css/procurements.css HTTP/1.1" 304 0
[16/Feb/2015 02:55:53] "GET /static/page/js/paper-collapse.min.js HTTP/1.1" 304 0
[16/Feb/2015 02:55:53] "GET /static/page/js/countUp.min.js HTTP/1.1" 304 0
[16/Feb/2015 02:55:53] "GET /static/page/js/mixitup.min.js HTTP/1.1" 304 0
[16/Feb/2015 02:55:53] "GET /static/page/img/linen.jpg HTTP/1.1" 304 0
[16/Feb/2015 02:55:55] "GET /create_order HTTP/1.1" 404 2819
[16/Feb/2015 02:56:07] "GET /orders/create_order HTTP/1.1" 301 0
[16/Feb/2015 02:56:07] "GET /orders/create_order/ HTTP/1.1" 500 68931
[16/Feb/2015 02:57:08] "GET /orders/create_order/ HTTP/1.1" 200 3922
[16/Feb/2015 02:57:30] "GET /static/page/css/sidebar.css HTTP/1.1" 304 0
[16/Feb/2015 02:57:30] "GET /static/page/css/navbar.css HTTP/1.1" 304 0
[16/Feb/2015 02:57:30] "GET /static/page/css/clients.css HTTP/1.1" 304 0
[16/Feb/2015 02:57:30] "GET /static/page/css/paper-collapse.min.css HTTP/1.1" 304 0
[16/Feb/2015 02:57:30] "GET /static/page/css/orders.css HTTP/1.1" 304 0
[16/Feb/2015 02:57:30] "GET /static/page/js/paper-collapse.min.js HTTP/1.1" 304 0
[16/Feb/2015 02:57:30] "GET /static/page/css/procurements.css HTTP/1.1" 304 0
[16/Feb/2015 02:57:30] "GET /static/page/js/countUp.min.js HTTP/1.1" 304 0
[16/Feb/2015 02:57:30] "GET /static/page/js/mixitup.min.js HTTP/1.1" 304 0
[16/Feb/2015 02:57:30] "GET /static/page/img/linen.jpg HTTP/1.1" 304 0
[16/Feb/2015 02:57:30] "GET /orders/create_order/ HTTP/1.1" 200 3929
[16/Feb/2015 02:57:31] "GET /procurements HTTP/1.1" 301 0
[16/Feb/2015 02:57:31] "GET /procurements/ HTTP/1.1" 200 4449
[16/Feb/2015 02:57:32] "GET /orders/create_order/ HTTP/1.1" 200 3929
[16/Feb/2015 02:57:33] "GET /procurements/ HTTP/1.1" 200 4449
[16/Feb/2015 02:57:35] "GET /orders/create_order/ HTTP/1.1" 200 3929
[16/Feb/2015 02:57:42] "GET /media/2015/02/14/ovitz.jpg HTTP/1.1" 404 1685
[16/Feb/2015 02:57:42] "GET /media/2015/02/14/zuck.jpeg HTTP/1.1" 404 1685
[16/Feb/2015 02:57:42] "GET /media/2015/02/14/drew.jpeg HTTP/1.1" 404 1685
[16/Feb/2015 02:57:42] "GET /media/2015/02/14/unclemike.jpeg HTTP/1.1" 404 1700
[16/Feb/2015 02:57:42] "GET /media/2015/02/14/madmax.jpg HTTP/1.1" 404 1688
[16/Feb/2015 02:57:42] "GET /media/2015/02/14/taylor.jpeg HTTP/1.1" 404 1691
[16/Feb/2015 02:57:42] "GET /media/2015/02/14/arne.png HTTP/1.1" 404 1682
[16/Feb/2015 02:57:42] "GET /clients/ HTTP/1.1" 200 7150
[16/Feb/2015 02:57:43] "GET /orders/ HTTP/1.1" 200 5297
[16/Feb/2015 03:00:12] "GET /orders/create_order/ HTTP/1.1" 200 3929
[16/Feb/2015 03:10:30] "GET /orders/create_order/ HTTP/1.1" 200 3929
[16/Feb/2015 03:10:33] "GET /procurements/ HTTP/1.1" 200 4449
[16/Feb/2015 03:10:34] "GET /orders/ HTTP/1.1" 200 5297
[16/Feb/2015 03:10:36] "GET /clients/ HTTP/1.1" 200 7150
[16/Feb/2015 03:10:36] "GET /media/2015/02/14/drew.jpeg HTTP/1.1" 404 1685
[16/Feb/2015 03:10:36] "GET /media/2015/02/14/ovitz.jpg HTTP/1.1" 404 1685
[16/Feb/2015 03:10:36] "GET /media/2015/02/14/zuck.jpeg HTTP/1.1" 404 1685
[16/Feb/2015 03:10:36] "GET /media/2015/02/14/arne.png HTTP/1.1" 404 1682
[16/Feb/2015 03:10:36] "GET /media/2015/02/14/madmax.jpg HTTP/1.1" 404 1688
[16/Feb/2015 03:10:36] "GET /media/2015/02/14/taylor.jpeg HTTP/1.1" 404 1691
[16/Feb/2015 03:10:36] "GET /media/2015/02/14/unclemike.jpeg HTTP/1.1" 404 1700
[16/Feb/2015 03:10:36] "GET /procurements/ HTTP/1.1" 200 4449
[16/Feb/2015 03:10:37] "GET /orders/create_order/ HTTP/1.1" 200 3929
[16/Feb/2015 03:10:39] "GET /orders/create_order/ HTTP/1.1" 200 3929
[16/Feb/2015 03:27:20] "GET /orders/create_order/ HTTP/1.1" 200 3936
[16/Feb/2015 03:27:21] "GET /static/page/css/navbar.css HTTP/1.1" 304 0
[16/Feb/2015 03:27:21] "GET /static/page/css/sidebar.css HTTP/1.1" 304 0
[16/Feb/2015 03:27:21] "GET /static/page/css/orders.css HTTP/1.1" 304 0
[16/Feb/2015 03:27:21] "GET /static/page/css/clients.css HTTP/1.1" 304 0
[16/Feb/2015 03:27:21] "GET /static/page/js/paper-collapse.min.js HTTP/1.1" 304 0
[16/Feb/2015 03:27:21] "GET /static/page/css/procurements.css HTTP/1.1" 304 0
[16/Feb/2015 03:27:21] "GET /static/page/css/paper-collapse.min.css HTTP/1.1" 304 0
[16/Feb/2015 03:27:21] "GET /static/page/js/countUp.min.js HTTP/1.1" 304 0
[16/Feb/2015 03:27:21] "GET /static/page/js/mixitup.min.js HTTP/1.1" 304 0
[16/Feb/2015 03:27:21] "GET /static/page/img/linen.jpg HTTP/1.1" 304 0
[16/Feb/2015 03:28:03] "GET /orders/create_order/ HTTP/1.1" 200 3936
[16/Feb/2015 03:28:03] "GET /static/page/css/navbar.css HTTP/1.1" 304 0
[16/Feb/2015 03:28:03] "GET /static/page/css/sidebar.css HTTP/1.1" 304 0
[16/Feb/2015 03:28:03] "GET /static/page/css/clients.css HTTP/1.1" 304 0
[16/Feb/2015 03:28:03] "GET /static/page/css/orders.css HTTP/1.1" 304 0
[16/Feb/2015 03:28:03] "GET /static/page/css/paper-collapse.min.css HTTP/1.1" 304 0
[16/Feb/2015 03:28:03] "GET /static/page/css/procurements.css HTTP/1.1" 304 0
[16/Feb/2015 03:28:03] "GET /static/page/js/paper-collapse.min.js HTTP/1.1" 304 0
[16/Feb/2015 03:28:03] "GET /static/page/js/countUp.min.js HTTP/1.1" 304 0
[16/Feb/2015 03:28:03] "GET /static/page/js/mixitup.min.js HTTP/1.1" 304 0
[16/Feb/2015 03:28:03] "GET /static/page/img/linen.jpg HTTP/1.1" 304 0
[16/Feb/2015 03:30:52] "GET /orders/create_order/ HTTP/1.1" 200 3977
[16/Feb/2015 03:30:52] "GET /static/page/css/sidebar.css HTTP/1.1" 304 0
[16/Feb/2015 03:30:52] "GET /static/page/css/clients.css HTTP/1.1" 304 0
[16/Feb/2015 03:30:52] "GET /static/page/css/navbar.css HTTP/1.1" 304 0
[16/Feb/2015 03:30:52] "GET /static/page/css/paper-collapse.min.css HTTP/1.1" 304 0
[16/Feb/2015 03:30:52] "GET /static/page/css/procurements.css HTTP/1.1" 304 0
[16/Feb/2015 03:30:52] "GET /static/page/js/paper-collapse.min.js HTTP/1.1" 304 0
[16/Feb/2015 03:30:52] "GET /static/page/js/countUp.min.js HTTP/1.1" 304 0
[16/Feb/2015 03:30:52] "GET /static/page/js/mixitup.min.js HTTP/1.1" 304 0
[16/Feb/2015 03:30:52] "GET /static/page/css/orders.css HTTP/1.1" 200 106
[16/Feb/2015 03:30:52] "GET /static/page/img/linen.jpg HTTP/1.1" 304 0
[16/Feb/2015 05:32:50] "GET /orders HTTP/1.1" 301 0
[16/Feb/2015 05:32:50] "GET /orders/ HTTP/1.1" 302 0
[16/Feb/2015 05:32:50] "GET /page?next=/orders/ HTTP/1.1" 301 0
[16/Feb/2015 05:32:50] "GET /page/?next=/orders/ HTTP/1.1" 200 1055
[16/Feb/2015 05:32:50] "GET /static/page/css/sign-in.css HTTP/1.1" 200 1627
[16/Feb/2015 05:32:50] "GET /static/page/img/lapel_black-1.png HTTP/1.1" 200 68877
[16/Feb/2015 05:32:50] "GET /static/page/img/vichy.png HTTP/1.1" 200 2603
[16/Feb/2015 05:32:55] "POST /page/auth HTTP/1.1" 302 0
[16/Feb/2015 05:32:55] "GET / HTTP/1.1" 200 4055
[16/Feb/2015 05:32:56] "GET /static/page/css/sidebar.css HTTP/1.1" 304 0
[16/Feb/2015 05:32:56] "GET /static/page/css/navbar.css HTTP/1.1" 304 0
[16/Feb/2015 05:32:56] "GET /static/page/css/clients.css HTTP/1.1" 304 0
[16/Feb/2015 05:32:56] "GET /static/page/css/paper-collapse.min.css HTTP/1.1" 304 0
[16/Feb/2015 05:32:56] "GET /static/page/css/orders.css HTTP/1.1" 304 0
[16/Feb/2015 05:32:56] "GET /static/page/css/procurements.css HTTP/1.1" 304 0
[16/Feb/2015 05:32:56] "GET /static/page/js/paper-collapse.min.js HTTP/1.1" 304 0
[16/Feb/2015 05:32:56] "GET /static/page/js/mixitup.min.js HTTP/1.1" 304 0
[16/Feb/2015 05:32:56] "GET /static/page/js/countUp.min.js HTTP/1.1" 304 0
[16/Feb/2015 05:32:56] "GET /static/page/img/linen.jpg HTTP/1.1" 304 0
[16/Feb/2015 05:34:55] "GET / HTTP/1.1" 200 4055
[16/Feb/2015 05:34:55] "GET /static/page/css/navbar.css HTTP/1.1" 304 0
[16/Feb/2015 05:34:55] "GET /static/page/css/sidebar.css HTTP/1.1" 200 1537
[16/Feb/2015 05:34:55] "GET /static/page/css/paper-collapse.min.css HTTP/1.1" 304 0
[16/Feb/2015 05:34:55] "GET /static/page/css/clients.css HTTP/1.1" 304 0
[16/Feb/2015 05:34:55] "GET /static/page/css/orders.css HTTP/1.1" 304 0
[16/Feb/2015 05:34:55] "GET /static/page/js/countUp.min.js HTTP/1.1" 304 0
[16/Feb/2015 05:34:55] "GET /static/page/js/paper-collapse.min.js HTTP/1.1" 304 0
[16/Feb/2015 05:34:55] "GET /static/page/js/mixitup.min.js HTTP/1.1" 304 0
[16/Feb/2015 05:34:55] "GET /static/page/css/procurements.css HTTP/1.1" 304 0
[16/Feb/2015 05:34:55] "GET /static/page/img/linen.jpg HTTP/1.1" 304 0
[16/Feb/2015 05:34:55] "GET /static/page/js/paper-collapse.min.js HTTP/1.1" 304 0
[16/Feb/2015 05:34:55] "GET /static/page/js/mixitup.min.js HTTP/1.1" 304 0
[16/Feb/2015 05:34:55] "GET /static/page/js/countUp.min.js HTTP/1.1" 304 0
[16/Feb/2015 05:35:09] "GET /static/page/css/sidebar.css HTTP/1.1" 304 0
[16/Feb/2015 05:37:08] "GET / HTTP/1.1" 200 4055
[16/Feb/2015 05:37:08] "GET /static/page/css/navbar.css HTTP/1.1" 304 0
[16/Feb/2015 05:37:08] "GET /static/page/css/sidebar.css HTTP/1.1" 200 1537
[16/Feb/2015 05:37:08] "GET /static/page/css/clients.css HTTP/1.1" 304 0
[16/Feb/2015 05:37:09] "GET /static/page/css/procurements.css HTTP/1.1" 304 0
[16/Feb/2015 05:37:09] "GET /static/page/css/orders.css HTTP/1.1" 304 0
[16/Feb/2015 05:37:09] "GET /static/page/css/paper-collapse.min.css HTTP/1.1" 304 0
[16/Feb/2015 05:37:09] "GET /static/page/js/paper-collapse.min.js HTTP/1.1" 304 0
[16/Feb/2015 05:37:09] "GET /static/page/js/countUp.min.js HTTP/1.1" 304 0
[16/Feb/2015 05:37:09] "GET /static/page/js/mixitup.min.js HTTP/1.1" 304 0
[16/Feb/2015 05:37:09] "GET /static/page/img/linen.jpg HTTP/1.1" 304 0
[16/Feb/2015 05:37:56] "GET / HTTP/1.1" 200 4055
[16/Feb/2015 05:37:56] "GET /static/page/css/navbar.css HTTP/1.1" 304 0
[16/Feb/2015 05:37:56] "GET /static/page/css/sidebar.css HTTP/1.1" 304 0
[16/Feb/2015 05:37:56] "GET /static/page/css/clients.css HTTP/1.1" 304 0
[16/Feb/2015 05:37:56] "GET /static/page/css/orders.css HTTP/1.1" 304 0
[16/Feb/2015 05:37:56] "GET /static/page/css/paper-collapse.min.css HTTP/1.1" 304 0
[16/Feb/2015 05:37:56] "GET /static/page/css/procurements.css HTTP/1.1" 304 0
[16/Feb/2015 05:37:56] "GET /static/page/js/mixitup.min.js HTTP/1.1" 304 0
[16/Feb/2015 05:37:56] "GET /static/page/js/paper-collapse.min.js HTTP/1.1" 304 0
[16/Feb/2015 05:37:56] "GET /static/page/js/countUp.min.js HTTP/1.1" 304 0
[16/Feb/2015 05:37:56] "GET /static/page/img/linen.jpg HTTP/1.1" 304 0
[16/Feb/2015 05:37:58] "GET /orders HTTP/1.1" 301 0
[16/Feb/2015 05:37:58] "GET /orders/ HTTP/1.1" 200 5297
[16/Feb/2015 05:38:00] "GET /clients HTTP/1.1" 301 0
[16/Feb/2015 05:38:00] "GET /clients/ HTTP/1.1" 200 7150
[16/Feb/2015 05:38:00] "GET /media/2015/02/14/ovitz.jpg HTTP/1.1" 404 1685
[16/Feb/2015 05:38:00] "GET /media/2015/02/14/drew.jpeg HTTP/1.1" 404 1685
[16/Feb/2015 05:38:00] "GET /media/2015/02/14/unclemike.jpeg HTTP/1.1" 404 1700
[16/Feb/2015 05:38:00] "GET /media/2015/02/14/arne.png HTTP/1.1" 404 1682
[16/Feb/2015 05:38:00] "GET /media/2015/02/14/madmax.jpg HTTP/1.1" 404 1688
[16/Feb/2015 05:38:00] "GET /media/2015/02/14/zuck.jpeg HTTP/1.1" 404 1685
[16/Feb/2015 05:38:00] "GET /media/2015/02/14/taylor.jpeg HTTP/1.1" 404 1691
[16/Feb/2015 05:38:02] "GET /procurements HTTP/1.1" 301 0
[16/Feb/2015 05:38:02] "GET /procurements/ HTTP/1.1" 200 4449
[16/Feb/2015 05:38:02] "GET /static/page/css/sidebar.css HTTP/1.1" 304 0
[16/Feb/2015 05:38:03] "GET /orders/create_order HTTP/1.1" 301 0
[16/Feb/2015 05:38:03] "GET /orders/create_order/ HTTP/1.1" 200 3977
[16/Feb/2015 05:39:56] "GET /static/page/css/sidebar.css HTTP/1.1" 304 0
[16/Feb/2015 05:39:56] "GET /orders/ HTTP/1.1" 200 5297
[16/Feb/2015 05:39:56] "GET /clients/ HTTP/1.1" 200 7150
[16/Feb/2015 05:39:57] "GET /media/2015/02/14/ovitz.jpg HTTP/1.1" 404 1685
[16/Feb/2015 05:39:57] "GET /media/2015/02/14/drew.jpeg HTTP/1.1" 404 1685
[16/Feb/2015 05:39:57] "GET /media/2015/02/14/madmax.jpg HTTP/1.1" 404 1688
[16/Feb/2015 05:39:57] "GET /media/2015/02/14/zuck.jpeg HTTP/1.1" 404 1685
[16/Feb/2015 05:39:57] "GET /media/2015/02/14/arne.png HTTP/1.1" 404 1682
[16/Feb/2015 05:39:57] "GET /media/2015/02/14/unclemike.jpeg HTTP/1.1" 404 1700
[16/Feb/2015 05:39:57] "GET /media/2015/02/14/taylor.jpeg HTTP/1.1" 404 1691
[16/Feb/2015 05:39:57] "GET /procurements/ HTTP/1.1" 200 4449
[16/Feb/2015 05:39:59] "GET /clients/ HTTP/1.1" 200 7150
[16/Feb/2015 05:39:59] "GET /media/2015/02/14/drew.jpeg HTTP/1.1" 404 1685
[16/Feb/2015 05:39:59] "GET /media/2015/02/14/madmax.jpg HTTP/1.1" 404 1688
[16/Feb/2015 05:39:59] "GET /media/2015/02/14/unclemike.jpeg HTTP/1.1" 404 1700
[16/Feb/2015 05:39:59] "GET /media/2015/02/14/ovitz.jpg HTTP/1.1" 404 1685
[16/Feb/2015 05:39:59] "GET /media/2015/02/14/zuck.jpeg HTTP/1.1" 404 1685
[16/Feb/2015 05:39:59] "GET /media/2015/02/14/taylor.jpeg HTTP/1.1" 404 1691
[16/Feb/2015 05:39:59] "GET /media/2015/02/14/arne.png HTTP/1.1" 404 1682
[16/Feb/2015 05:40:07] "GET /orders/create_order/ HTTP/1.1" 200 3977
[16/Feb/2015 05:40:07] "GET /procurements/ HTTP/1.1" 200 4449
[16/Feb/2015 05:40:08] "GET /clients/ HTTP/1.1" 200 7150
[16/Feb/2015 05:40:08] "GET /media/2015/02/14/ovitz.jpg HTTP/1.1" 404 1685
[16/Feb/2015 05:40:08] "GET /media/2015/02/14/zuck.jpeg HTTP/1.1" 404 1685
[16/Feb/2015 05:40:08] "GET /media/2015/02/14/unclemike.jpeg HTTP/1.1" 404 1700
[16/Feb/2015 05:40:09] "GET /media/2015/02/14/taylor.jpeg HTTP/1.1" 404 1691
[16/Feb/2015 05:40:09] "GET /media/2015/02/14/drew.jpeg HTTP/1.1" 404 1685
[16/Feb/2015 05:40:09] "GET /media/2015/02/14/arne.png HTTP/1.1" 404 1682
[16/Feb/2015 05:40:09] "GET /media/2015/02/14/madmax.jpg HTTP/1.1" 404 1688
[16/Feb/2015 05:40:09] "GET /orders/ HTTP/1.1" 200 5297
[16/Feb/2015 05:40:09] "GET / HTTP/1.1" 200 4055
[16/Feb/2015 05:40:11] "GET /procurements/ HTTP/1.1" 200 4449
[16/Feb/2015 05:40:12] "GET /clients/ HTTP/1.1" 200 7150
[16/Feb/2015 05:40:12] "GET /media/2015/02/14/ovitz.jpg HTTP/1.1" 404 1685
[16/Feb/2015 05:40:12] "GET /media/2015/02/14/drew.jpeg HTTP/1.1" 404 1685
[16/Feb/2015 05:40:12] "GET /media/2015/02/14/madmax.jpg HTTP/1.1" 404 1688
[16/Feb/2015 05:40:12] "GET /media/2015/02/14/arne.png HTTP/1.1" 404 1682
[16/Feb/2015 05:40:12] "GET /media/2015/02/14/unclemike.jpeg HTTP/1.1" 404 1700
[16/Feb/2015 05:40:12] "GET /media/2015/02/14/zuck.jpeg HTTP/1.1" 404 1685
[16/Feb/2015 05:40:12] "GET /media/2015/02/14/taylor.jpeg HTTP/1.1" 404 1691
[16/Feb/2015 05:40:20] "GET /orders/create_order/ HTTP/1.1" 200 3977
[16/Feb/2015 05:40:20] "GET /static/page/css/sidebar.css HTTP/1.1" 304 0
[16/Feb/2015 05:40:42] "GET /orders/create_order/ HTTP/1.1" 200 3977
[16/Feb/2015 05:40:43] "GET /static/page/css/sidebar.css HTTP/1.1" 304 0
[07/Mar/2015 22:05:14] "GET /static/page/css/clients.css HTTP/1.1" 304 0
[07/Mar/2015 22:05:14] "GET /static/page/css/orders.css HTTP/1.1" 304 0
[07/Mar/2015 22:05:14] "GET /static/page/css/paper-collapse.min.css HTTP/1.1" 304 0
[07/Mar/2015 22:05:14] "GET /static/page/css/navbar.css HTTP/1.1" 304 0
[07/Mar/2015 22:05:14] "GET /procurements/ HTTP/1.1" 200 4523
[07/Mar/2015 22:05:15] "GET /static/page/css/sidebar.css HTTP/1.1" 304 0
[07/Mar/2015 22:05:15] "GET /static/page/css/procurements.css HTTP/1.1" 304 0
[07/Mar/2015 22:05:15] "GET /static/page/js/paper-collapse.min.js HTTP/1.1" 304 0
[07/Mar/2015 22:05:15] "GET /static/page/js/move.min.js HTTP/1.1" 304 0
[07/Mar/2015 22:05:15] "GET /static/page/js/countUp.min.js HTTP/1.1" 304 0
[07/Mar/2015 22:05:15] "GET /static/page/js/mixitup.min.js HTTP/1.1" 304 0
[07/Mar/2015 22:05:15] "GET /static/page/img/linen.jpg HTTP/1.1" 304 0
[07/Mar/2015 22:05:16] "GET /orders/ HTTP/1.1" 200 33078
[07/Mar/2015 22:05:27] "GET /clients/ HTTP/1.1" 200 7296
[07/Mar/2015 22:06:27] "GET /clients/1/ HTTP/1.1" 200 7003
[07/Mar/2015 22:06:27] "GET /media/2015/02/04/604569_00.png HTTP/1.1" 404 1697
[07/Mar/2015 22:06:27] "GET /media/2015/02/04/90_O4289-OGB187_ONUL_20.jpeg HTTP/1.1" 404 1742
[07/Mar/2015 22:06:32] "GET / HTTP/1.1" 200 4201
[07/Mar/2015 22:06:35] "GET /orders/ HTTP/1.1" 200 33078
Performing system checks...

System check identified no issues (0 silenced).
March 07, 2015 - 22:05:11
Django version 1.7.4, using settings 'lapelBackend.settings'
Starting development server at http://0.0.0.0:8000/
Quit the server with CONTROL-C.
